  RocketLeagueGSIPlugin.cpp
  Please define _WIN32_WINNT or _WIN32_WINDOWS appropriately. For example:
  - add -D_WIN32_WINNT=0x0601 to the compiler command line; or
  - add _WIN32_WINNT=0x0601 to your project's Preprocessor Definitions.
  Assuming _WIN32_WINNT=0x0601 (i.e. Windows 7 target).
C:\Program Files (x86)\Steam\steamapps\common\rocketleague\Binaries\Win64\bakkesmod\bakkesmodsdk\include\bakkesmod\wrappers\linmath.h(56,1): warning C4244: 'initializing': conversion from 'double' to 'float', possible loss of data
C:\Program Files (x86)\Steam\steamapps\common\rocketleague\Binaries\Win64\bakkesmod\bakkesmodsdk\include\bakkesmod\wrappers\linmath.h(57,1): warning C4244: 'initializing': conversion from 'double' to 'float', possible loss of data
C:\Program Files (x86)\Steam\steamapps\common\rocketleague\Binaries\Win64\bakkesmod\bakkesmodsdk\include\bakkesmod\wrappers\linmath.h(58,1): warning C4244: 'initializing': conversion from 'double' to 'float', possible loss of data
C:\Program Files (x86)\Steam\steamapps\common\rocketleague\Binaries\Win64\bakkesmod\bakkesmodsdk\include\bakkesmod\wrappers\linmath.h(341,16): warning C4244: '=': conversion from 'double' to 'float', possible loss of data
C:\Program Files (x86)\Microsoft Visual Studio\2019\Community\VC\Tools\MSVC\14.24.28314\include\xtgmath.h(24,46): warning C4244: '=': conversion from 'float' to 'int', possible loss of data
C:\Program Files (x86)\Steam\steamapps\common\rocketleague\Binaries\Win64\bakkesmod\bakkesmodsdk\include\bakkesmod\wrappers\wrapperstructs.h(305,94): warning C4244: '=': conversion from 'float' to 'int', possible loss of data
C:\Program Files (x86)\Steam\steamapps\common\rocketleague\Binaries\Win64\bakkesmod\bakkesmodsdk\include\bakkesmod\wrappers\cvarwrapper.h(20,2): warning C4251: 'CVarWrapper::pimpl': class 'std::unique_ptr<CVarWrapper::Impl,std::default_delete<CVarWrapper::Impl>>' needs to have dll-interface to be used by clients of class 'CVarWrapper'
C:\Program Files (x86)\Steam\steamapps\common\rocketleague\Binaries\Win64\bakkesmod\bakkesmodsdk\include\bakkesmod\wrappers\cvarwrapper.h(20): message : see declaration of 'std::unique_ptr<CVarWrapper::Impl,std::default_delete<CVarWrapper::Impl>>'
C:\Program Files (x86)\Steam\steamapps\common\rocketleague\Binaries\Win64\bakkesmod\bakkesmodsdk\include\bakkesmod\wrappers\CVarManagerWrapper.h(37,29): warning C4251: 'CVarManagerWrapper::pimpl': class 'std::unique_ptr<CVarManagerWrapper::Impl,std::default_delete<CVarManagerWrapper::Impl>>' needs to have dll-interface to be used by clients of class 'CVarManagerWrapper'
C:\Program Files (x86)\Steam\steamapps\common\rocketleague\Binaries\Win64\bakkesmod\bakkesmodsdk\include\bakkesmod\wrappers\CVarManagerWrapper.h(37): message : see declaration of 'std::unique_ptr<CVarManagerWrapper::Impl,std::default_delete<CVarManagerWrapper::Impl>>'
C:\Program Files (x86)\Steam\steamapps\common\rocketleague\Binaries\Win64\bakkesmod\bakkesmodsdk\include\bakkesmod\plugin\bakkesmodplugin.h(61,51): warning C4251: 'BakkesMod::Plugin::BakkesModPlugin::cvarManager': class 'std::shared_ptr<CVarManagerWrapper>' needs to have dll-interface to be used by clients of class 'BakkesMod::Plugin::BakkesModPlugin'
C:\Program Files (x86)\Steam\steamapps\common\rocketleague\Binaries\Win64\bakkesmod\bakkesmodsdk\include\bakkesmod\plugin\bakkesmodplugin.h(61): message : see declaration of 'std::shared_ptr<CVarManagerWrapper>'
C:\Program Files (x86)\Steam\steamapps\common\rocketleague\Binaries\Win64\bakkesmod\bakkesmodsdk\include\bakkesmod\plugin\bakkesmodplugin.h(62,44): warning C4251: 'BakkesMod::Plugin::BakkesModPlugin::gameWrapper': class 'std::shared_ptr<GameWrapper>' needs to have dll-interface to be used by clients of class 'BakkesMod::Plugin::BakkesModPlugin'
C:\Program Files (x86)\Steam\steamapps\common\rocketleague\Binaries\Win64\bakkesmod\bakkesmodsdk\include\bakkesmod\plugin\bakkesmodplugin.h(62): message : see declaration of 'std::shared_ptr<GameWrapper>'
C:\Users\gabirat\Desktop\C++\RocketLeagueGSI\RocketLeagueGSI\RocketLeagueGSIPlugin.cpp(75,50): warning C4101: 'e': unreferenced local variable
C:\Users\gabirat\Desktop\C++\RocketLeagueGSI\RocketLeagueGSI\RocketLeagueGSIPlugin.cpp(128,29): warning C4018: '<': signed/unsigned mismatch
C:\Users\gabirat\Desktop\C++\RocketLeagueGSI\RocketLeagueGSI\RocketLeagueGSIPlugin.cpp(163,31): warning C4018: '<': signed/unsigned mismatch
C:\Users\gabirat\Desktop\C++\RocketLeagueGSI\RocketLeagueGSI\RocketLeagueGSIPlugin.cpp(259,28): warning C4018: '<': signed/unsigned mismatch
C:\Users\gabirat\Desktop\C++\RocketLeagueGSI\RocketLeagueGSI\RocketLeagueGSIPlugin.cpp(292,30): warning C4018: '<': signed/unsigned mismatch
     Creating library C:\Users\gabirat\Desktop\C++\RocketLeagueGSI\Release\RLGSI.lib and object C:\Users\gabirat\Desktop\C++\RocketLeagueGSI\Release\RLGSI.exp
RocketLeagueGSIPlugin.obj : error LNK2001: unresolved external symbol "__declspec(dllimport) public: class TeamWrapper __thiscall ArrayWrapper<class TeamWrapper>::Get(int)" (__imp_?Get@?$ArrayWrapper@VTeamWrapper@@@@QAE?AVTeamWrapper@@H@Z)
RocketLeagueGSIPlugin.obj : error LNK2001: unresolved external symbol "__declspec(dllimport) public: int __thiscall ArrayWrapper<class TeamWrapper>::Count(void)" (__imp_?Count@?$ArrayWrapper@VTeamWrapper@@@@QAEHXZ)
RocketLeagueGSIPlugin.obj : error LNK2001: unresolved external symbol "__declspec(dllimport) public: __thiscall ArrayWrapper<class TeamWrapper>::~ArrayWrapper<class TeamWrapper>(void)" (__imp_??1?$ArrayWrapper@VTeamWrapper@@@@QAE@XZ)
RocketLeagueGSIPlugin.obj : error LNK2001: unresolved external symbol "__declspec(dllimport) public: class PriWrapper __thiscall PlayerControllerWrapper::GetPRI(void)" (__imp_?GetPRI@PlayerControllerWrapper@@QAE?AVPriWrapper@@XZ)
RocketLeagueGSIPlugin.obj : error LNK2001: unresolved external symbol "__declspec(dllimport) public: __thiscall PlayerControllerWrapper::~PlayerControllerWrapper(void)" (__imp_??1PlayerControllerWrapper@@QAE@XZ)
RocketLeagueGSIPlugin.obj : error LNK2001: unresolved external symbol "__declspec(dllimport) public: __thiscall PlayerControllerWrapper::PlayerControllerWrapper(class PlayerControllerWrapper const &)" (__imp_??0PlayerControllerWrapper@@QAE@ABV0@@Z)
RocketLeagueGSIPlugin.obj : error LNK2001: unresolved external symbol "__declspec(dllimport) public: __thiscall CarWrapper::~CarWrapper(void)" (__imp_??1CarWrapper@@QAE@XZ)
RocketLeagueGSIPlugin.obj : error LNK2001: unresolved external symbol "__declspec(dllimport) public: class CVarWrapper __thiscall CVarManagerWrapper::getCvar(class std::basic_string<char,struct std::char_traits<char>,class std::allocator<char> >)" (__imp_?getCvar@CVarManagerWrapper@@QAE?AVCVarWrapper@@V?$basic_string@DU?$char_traits@D@std@@V?$allocator@D@2@@std@@@Z)
RocketLeagueGSIPlugin.obj : error LNK2001: unresolved external symbol "__declspec(dllimport) public: class CVarWrapper __thiscall CVarManagerWrapper::registerCvar(class std::basic_string<char,struct std::char_traits<char>,class std::allocator<char> >,class std::basic_string<char,struct std::char_traits<char>,class std::allocator<char> >,class std::basic_string<char,struct std::char_traits<char>,class std::allocator<char> >,bool,bool,float,bool,float,bool)" (__imp_?registerCvar@CVarManagerWrapper@@QAE?AVCVarWrapper@@V?$basic_string@DU?$char_traits@D@std@@V?$allocator@D@2@@std@@00_N1M1M1@Z)
RocketLeagueGSIPlugin.obj : error LNK2001: unresolved external symbol "__declspec(dllimport) public: void __thiscall CVarManagerWrapper::registerNotifier(class std::basic_string<char,struct std::char_traits<char>,class std::allocator<char> >,class std::function<void __cdecl(class std::vector<class std::basic_string<char,struct std::char_traits<char>,class std::allocator<char> >,class std::allocator<class std::basic_string<char,struct std::char_traits<char>,class std::allocator<char> > > >)>,class std::basic_string<char,struct std::char_traits<char>,class std::allocator<char> >,unsigned char)" (__imp_?registerNotifier@CVarManagerWrapper@@QAEXV?$basic_string@DU?$char_traits@D@std@@V?$allocator@D@2@@std@@V?$function@$$A6AXV?$vector@V?$basic_string@DU?$char_traits@D@std@@V?$allocator@D@2@@std@@V?$allocator@V?$basic_string@DU?$char_traits@D@std@@V?$allocator@D@2@@std@@@2@@std@@@Z@3@0E@Z)
RocketLeagueGSIPlugin.obj : error LNK2001: unresolved external symbol "__declspec(dllimport) public: void __thiscall GameWrapper::HookEventWithCaller<class PlayerControllerWrapper,0>(class std::basic_string<char,struct std::char_traits<char>,class std::allocator<char> >,class std::function<void __cdecl(class PlayerControllerWrapper,void *,class std::basic_string<char,struct std::char_traits<char>,class std::allocator<char> >)>)" (__imp_??$HookEventWithCaller@VPlayerControllerWrapper@@$0A@@GameWrapper@@QAEXV?$basic_string@DU?$char_traits@D@std@@V?$allocator@D@2@@std@@V?$function@$$A6AXVPlayerControllerWrapper@@PAXV?$basic_string@DU?$char_traits@D@std@@V?$allocator@D@2@@std@@@Z@2@@Z)
RocketLeagueGSIPlugin.obj : error LNK2001: unresolved external symbol "__declspec(dllimport) public: void __thiscall GameWrapper::Execute(class std::function<void __cdecl(class GameWrapper *)>)" (__imp_?Execute@GameWrapper@@QAEXV?$function@$$A6AXPAVGameWrapper@@@Z@std@@@Z)
RocketLeagueGSIPlugin.obj : error LNK2001: unresolved external symbol "__declspec(dllimport) public: class CarWrapper __thiscall GameWrapper::GetLocalCar(void)" (__imp_?GetLocalCar@GameWrapper@@QAE?AVCarWrapper@@XZ)
RocketLeagueGSIPlugin.obj : error LNK2001: unresolved external symbol "__declspec(dllimport) public: class ServerWrapper __thiscall GameWrapper::GetGameEventAsServer(void)" (__imp_?GetGameEventAsServer@GameWrapper@@QAE?AVServerWrapper@@XZ)
RocketLeagueGSIPlugin.obj : error LNK2001: unresolved external symbol "__declspec(dllimport) public: class ServerWrapper __thiscall GameWrapper::GetOnlineGame(void)" (__imp_?GetOnlineGame@GameWrapper@@QAE?AVServerWrapper@@XZ)
RocketLeagueGSIPlugin.obj : error LNK2001: unresolved external symbol "__declspec(dllimport) public: bool __thiscall GameWrapper::IsSpectatingInOnlineGame(void)" (__imp_?IsSpectatingInOnlineGame@GameWrapper@@QAE_NXZ)
RocketLeagueGSIPlugin.obj : error LNK2001: unresolved external symbol "__declspec(dllimport) public: bool __thiscall GameWrapper::IsInReplay(void)" (__imp_?IsInReplay@GameWrapper@@QAE_NXZ)
RocketLeagueGSIPlugin.obj : error LNK2001: unresolved external symbol "__declspec(dllimport) public: bool __thiscall GameWrapper::IsInOnlineGame(void)" (__imp_?IsInOnlineGame@GameWrapper@@QAE_NXZ)
RocketLeagueGSIPlugin.obj : error LNK2001: unresolved external symbol "__declspec(dllimport) public: bool __thiscall GameWrapper::IsInGame(void)" (__imp_?IsInGame@GameWrapper@@QAE_NXZ)
RocketLeagueGSIPlugin.obj : error LNK2001: unresolved external symbol "__declspec(dllimport) public: bool __thiscall ActorWrapper::IsNull(void)" (__imp_?IsNull@ActorWrapper@@QAE_NXZ)
RocketLeagueGSIPlugin.obj : error LNK2001: unresolved external symbol "__declspec(dllimport) public: struct Vector __thiscall ActorWrapper::GetVelocity(void)" (__imp_?GetVelocity@ActorWrapper@@QAE?AUVector@@XZ)
RocketLeagueGSIPlugin.obj : error LNK2001: unresolved external symbol "__declspec(dllimport) public: struct Vector __thiscall ActorWrapper::GetLocation(void)" (__imp_?GetLocation@ActorWrapper@@QAE?AUVector@@XZ)
RocketLeagueGSIPlugin.obj : error LNK2001: unresolved external symbol "__declspec(dllimport) public: class ArrayWrapper<class TeamWrapper> __thiscall TeamGameEventWrapper::GetTeams(void)" (__imp_?GetTeams@TeamGameEventWrapper@@QAE?AV?$ArrayWrapper@VTeamWrapper@@@@XZ)
RocketLeagueGSIPlugin.obj : error LNK2001: unresolved external symbol "__declspec(dllimport) public: class ArrayWrapper<class PriWrapper> __thiscall GameEventWrapper::GetPRIs(void)" (__imp_?GetPRIs@GameEventWrapper@@QAE?AV?$ArrayWrapper@VPriWrapper@@@@XZ)
RocketLeagueGSIPlugin.obj : error LNK2001: unresolved external symbol "__declspec(dllimport) public: bool __thiscall UnrealStringWrapper::IsNull(void)" (__imp_?IsNull@UnrealStringWrapper@@QAE_NXZ)
RocketLeagueGSIPlugin.obj : error LNK2001: unresolved external symbol "__declspec(dllimport) public: class std::basic_string<char,struct std::char_traits<char>,class std::allocator<char> > __thiscall UnrealStringWrapper::ToString(void)" (__imp_?ToString@UnrealStringWrapper@@QAE?AV?$basic_string@DU?$char_traits@D@std@@V?$allocator@D@2@@std@@XZ)
RocketLeagueGSIPlugin.obj : error LNK2001: unresolved external symbol "__declspec(dllimport) public: __thiscall UnrealStringWrapper::~UnrealStringWrapper(void)" (__imp_??1UnrealStringWrapper@@QAE@XZ)
RocketLeagueGSIPlugin.obj : error LNK2001: unresolved external symbol "__declspec(dllimport) public: class UnrealStringWrapper __thiscall TeamWrapper::GetCustomTeamName(void)" (__imp_?GetCustomTeamName@TeamWrapper@@QAE?AVUnrealStringWrapper@@XZ)
RocketLeagueGSIPlugin.obj : error LNK2001: unresolved external symbol "__declspec(dllimport) public: class ArrayWrapper<class PriWrapper> __thiscall TeamWrapper::GetMembers(void)" (__imp_?GetMembers@TeamWrapper@@QAE?AV?$ArrayWrapper@VPriWrapper@@@@XZ)
RocketLeagueGSIPlugin.obj : error LNK2001: unresolved external symbol "__declspec(dllimport) public: struct LinearColor __thiscall TeamWrapper::GetFontColor(void)" (__imp_?GetFontColor@TeamWrapper@@QAE?AULinearColor@@XZ)
RocketLeagueGSIPlugin.obj : error LNK2001: unresolved external symbol "__declspec(dllimport) public: __thiscall TeamWrapper::~TeamWrapper(void)" (__imp_??1TeamWrapper@@QAE@XZ)
RocketLeagueGSIPlugin.obj : error LNK2001: unresolved external symbol "__declspec(dllimport) public: struct SteamID __thiscall PlayerReplicationInfoWrapper::GetUniqueId(void)" (__imp_?GetUniqueId@PlayerReplicationInfoWrapper@@QAE?AUSteamID@@XZ)
RocketLeagueGSIPlugin.obj : error LNK2001: unresolved external symbol "__declspec(dllimport) public: unsigned long __thiscall PlayerReplicationInfoWrapper::GetbIsSpectator(void)" (__imp_?GetbIsSpectator@PlayerReplicationInfoWrapper@@QAEKXZ)
RocketLeagueGSIPlugin.obj : error LNK2001: unresolved external symbol "__declspec(dllimport) public: class TeamInfoWrapper __thiscall PlayerReplicationInfoWrapper::GetTeam(void)" (__imp_?GetTeam@PlayerReplicationInfoWrapper@@QAE?AVTeamInfoWrapper@@XZ)
RocketLeagueGSIPlugin.obj : error LNK2001: unresolved external symbol "__declspec(dllimport) public: int __thiscall PlayerReplicationInfoWrapper::GetPlayerID(void)" (__imp_?GetPlayerID@PlayerReplicationInfoWrapper@@QAEHXZ)
RocketLeagueGSIPlugin.obj : error LNK2001: unresolved external symbol "__declspec(dllimport) public: class UnrealStringWrapper __thiscall PlayerReplicationInfoWrapper::GetPlayerName(void)" (__imp_?GetPlayerName@PlayerReplicationInfoWrapper@@QAE?AVUnrealStringWrapper@@XZ)
RocketLeagueGSIPlugin.obj : error LNK2001: unresolved external symbol "__declspec(dllimport) public: int __thiscall TeamInfoWrapper::GetTeamIndex(void)" (__imp_?GetTeamIndex@TeamInfoWrapper@@QAEHXZ)
RocketLeagueGSIPlugin.obj : error LNK2001: unresolved external symbol "__declspec(dllimport) public: int __thiscall TeamInfoWrapper::GetScore(void)" (__imp_?GetScore@TeamInfoWrapper@@QAEHXZ)
RocketLeagueGSIPlugin.obj : error LNK2001: unresolved external symbol "__declspec(dllimport) public: class UnrealStringWrapper __thiscall TeamInfoWrapper::GetTeamName(void)" (__imp_?GetTeamName@TeamInfoWrapper@@QAE?AVUnrealStringWrapper@@XZ)
RocketLeagueGSIPlugin.obj : error LNK2001: unresolved external symbol "__declspec(dllimport) public: __thiscall TeamInfoWrapper::~TeamInfoWrapper(void)" (__imp_??1TeamInfoWrapper@@QAE@XZ)
RocketLeagueGSIPlugin.obj : error LNK2001: unresolved external symbol "__declspec(dllimport) public: class BoostWrapper __thiscall VehicleWrapper::GetBoostComponent(void)" (__imp_?GetBoostComponent@VehicleWrapper@@QAE?AVBoostWrapper@@XZ)
RocketLeagueGSIPlugin.obj : error LNK2001: unresolved external symbol "__declspec(dllimport) public: __thiscall BallWrapper::~BallWrapper(void)" (__imp_??1BallWrapper@@QAE@XZ)
RocketLeagueGSIPlugin.obj : error LNK2001: unresolved external symbol "__declspec(dllimport) public: class UnrealStringWrapper __thiscall PriWrapper::GetPublicIP(void)" (__imp_?GetPublicIP@PriWrapper@@QAE?AVUnrealStringWrapper@@XZ)
RocketLeagueGSIPlugin.obj : error LNK2001: unresolved external symbol "__declspec(dllimport) public: int __thiscall PriWrapper::GetMatchShots(void)" (__imp_?GetMatchShots@PriWrapper@@QAEHXZ)
RocketLeagueGSIPlugin.obj : error LNK2001: unresolved external symbol "__declspec(dllimport) public: int __thiscall PriWrapper::GetMatchSaves(void)" (__imp_?GetMatchSaves@PriWrapper@@QAEHXZ)
RocketLeagueGSIPlugin.obj : error LNK2001: unresolved external symbol "__declspec(dllimport) public: int __thiscall PriWrapper::GetMatchAssists(void)" (__imp_?GetMatchAssists@PriWrapper@@QAEHXZ)
RocketLeagueGSIPlugin.obj : error LNK2001: unresolved external symbol "__declspec(dllimport) public: int __thiscall PriWrapper::GetMatchGoals(void)" (__imp_?GetMatchGoals@PriWrapper@@QAEHXZ)
RocketLeagueGSIPlugin.obj : error LNK2001: unresolved external symbol "__declspec(dllimport) public: int __thiscall PriWrapper::GetMatchScore(void)" (__imp_?GetMatchScore@PriWrapper@@QAEHXZ)
RocketLeagueGSIPlugin.obj : error LNK2001: unresolved external symbol "__declspec(dllimport) public: __thiscall PriWrapper::~PriWrapper(void)" (__imp_??1PriWrapper@@QAE@XZ)
RocketLeagueGSIPlugin.obj : error LNK2001: unresolved external symbol "__declspec(dllimport) public: class std::basic_string<char,struct std::char_traits<char>,class std::allocator<char> > __thiscall CVarWrapper::getStringValue(void)" (__imp_?getStringValue@CVarWrapper@@QAE?AV?$basic_string@DU?$char_traits@D@std@@V?$allocator@D@2@@std@@XZ)
RocketLeagueGSIPlugin.obj : error LNK2001: unresolved external symbol "__declspec(dllimport) public: int __thiscall CVarWrapper::getIntValue(void)" (__imp_?getIntValue@CVarWrapper@@QAEHXZ)
RocketLeagueGSIPlugin.obj : error LNK2001: unresolved external symbol "__declspec(dllimport) public: __thiscall CVarWrapper::~CVarWrapper(void)" (__imp_??1CVarWrapper@@QAE@XZ)
RocketLeagueGSIPlugin.obj : error LNK2001: unresolved external symbol "__declspec(dllimport) public: class PriWrapper __thiscall ArrayWrapper<class PriWrapper>::Get(int)" (__imp_?Get@?$ArrayWrapper@VPriWrapper@@@@QAE?AVPriWrapper@@H@Z)
RocketLeagueGSIPlugin.obj : error LNK2001: unresolved external symbol "__declspec(dllimport) public: int __thiscall ArrayWrapper<class PriWrapper>::Count(void)" (__imp_?Count@?$ArrayWrapper@VPriWrapper@@@@QAEHXZ)
RocketLeagueGSIPlugin.obj : error LNK2001: unresolved external symbol "__declspec(dllimport) public: __thiscall ArrayWrapper<class PriWrapper>::~ArrayWrapper<class PriWrapper>(void)" (__imp_??1?$ArrayWrapper@VPriWrapper@@@@QAE@XZ)
RocketLeagueGSIPlugin.obj : error LNK2001: unresolved external symbol "__declspec(dllimport) public: class BallWrapper __thiscall ArrayWrapper<class BallWrapper>::Get(int)" (__imp_?Get@?$ArrayWrapper@VBallWrapper@@@@QAE?AVBallWrapper@@H@Z)
RocketLeagueGSIPlugin.obj : error LNK2001: unresolved external symbol "__declspec(dllimport) public: __thiscall ArrayWrapper<class BallWrapper>::~ArrayWrapper<class BallWrapper>(void)" (__imp_??1?$ArrayWrapper@VBallWrapper@@@@QAE@XZ)
RocketLeagueGSIPlugin.obj : error LNK2001: unresolved external symbol "__declspec(dllimport) public: float __thiscall BoostWrapper::GetCurrentBoostAmount(void)" (__imp_?GetCurrentBoostAmount@BoostWrapper@@QAEMXZ)
RocketLeagueGSIPlugin.obj : error LNK2001: unresolved external symbol "__declspec(dllimport) public: __thiscall BoostWrapper::~BoostWrapper(void)" (__imp_??1BoostWrapper@@QAE@XZ)
RocketLeagueGSIPlugin.obj : error LNK2001: unresolved external symbol "__declspec(dllimport) public: class ArrayWrapper<class BallWrapper> __thiscall ServerWrapper::GetGameBalls(void)" (__imp_?GetGameBalls@ServerWrapper@@QAE?AV?$ArrayWrapper@VBallWrapper@@@@XZ)
RocketLeagueGSIPlugin.obj : error LNK2001: unresolved external symbol "__declspec(dllimport) public: unsigned long __thiscall ServerWrapper::GetbMatchEnded(void)" (__imp_?GetbMatchEnded@ServerWrapper@@QAEKXZ)
RocketLeagueGSIPlugin.obj : error LNK2001: unresolved external symbol "__declspec(dllimport) public: unsigned long __thiscall ServerWrapper::GetbOverTime(void)" (__imp_?GetbOverTime@ServerWrapper@@QAEKXZ)
RocketLeagueGSIPlugin.obj : error LNK2001: unresolved external symbol "__declspec(dllimport) public: int __thiscall ServerWrapper::GetSecondsRemaining(void)" (__imp_?GetSecondsRemaining@ServerWrapper@@QAEHXZ)
RocketLeagueGSIPlugin.obj : error LNK2001: unresolved external symbol "__declspec(dllimport) public: int __thiscall ServerWrapper::GetGameTime(void)" (__imp_?GetGameTime@ServerWrapper@@QAEHXZ)
RocketLeagueGSIPlugin.obj : error LNK2001: unresolved external symbol "__declspec(dllimport) public: float __thiscall ServerWrapper::GetSecondsElapsed(void)" (__imp_?GetSecondsElapsed@ServerWrapper@@QAEMXZ)
RocketLeagueGSIPlugin.obj : error LNK2001: unresolved external symbol "__declspec(dllimport) public: __thiscall ServerWrapper::~ServerWrapper(void)" (__imp_??1ServerWrapper@@QAE@XZ)
C:\Users\gabirat\Desktop\C++\RocketLeagueGSI\Release\RLGSI.dll : fatal error LNK1120: 66 unresolved externals
